app/build/intermediates/manifest_merge_blame_file/debug/processDebugMainManifest/manifest-merger-blame-debug-report.txt
1<?xml version="1.0" encoding="utf-8"?>
2<manifest xmlns:android="http://schemas.android.com/apk/res/android"
3    package="com.tonya.dzcscale"
4    android:versionCode="12"
5    android:versionName="2.1" >
6
7    <uses-sdk
8        android:minSdkVersion="28"
9        android:targetSdkVersion="36" />
10
11    <uses-permission
11-->src/main/AndroidManifest.xml:2:5-120
12        android:name="android.permission.BLUETOOTH_SCAN"
12-->src/main/AndroidManifest.xml:2:22-70
13        android:usesPermissionFlags="neverForLocation" />
13-->src/main/AndroidManifest.xml:2:71-117
14    <uses-permission android:name="android.permission.BLUETOOTH_CONNECT" />
14-->src/main/AndroidManifest.xml:3:5-76
14-->src/main/AndroidManifest.xml:3:22-73
15    <uses-permission android:name="android.permission.FOREGROUND_SERVICE" />
15-->src/main/AndroidManifest.xml:4:5-77
15-->src/main/AndroidManifest.xml:4:22-74
16    <uses-permission android:name="android.permission.FOREGROUND_SERVICE_CONNECTED_DEVICE" />
16-->src/main/AndroidManifest.xml:5:5-94
16-->src/main/AndroidManifest.xml:5:22-91
17    <uses-permission android:name="android.permission.POST_NOTIFICATIONS" />
17-->src/main/AndroidManifest.xml:6:5-77
17-->src/main/AndroidManifest.xml:6:22-74
18
19    <!-- Health Connect write permissions. These must also have a permission-usage rationale activity. -->
20    <uses-permission android:name="android.permission.health.WRITE_WEIGHT" />
20-->src/main/AndroidManifest.xml:9:5-78
20-->src/main/AndroidManifest.xml:9:22-75
21    <uses-permission android:name="android.permission.health.WRITE_BODY_FAT" />
21-->src/main/AndroidManifest.xml:10:5-80
21-->src/main/AndroidManifest.xml:10:22-77
22    <uses-permission android:name="android.permission.health.WRITE_LEAN_BODY_MASS" />
22-->src/main/AndroidManifest.xml:11:5-86
22-->src/main/AndroidManifest.xml:11:22-83
23    <uses-permission android:name="android.permission.health.WRITE_BODY_WATER_MASS" />
23-->src/main/AndroidManifest.xml:12:5-87
23-->src/main/AndroidManifest.xml:12:22-84
24    <uses-permission android:name="android.permission.health.WRITE_BASAL_METABOLIC_RATE" />
24-->src/main/AndroidManifest.xml:13:5-92
24-->src/main/AndroidManifest.xml:13:22-89
25
26    <!-- Required for the Android 13 Health Connect APK provider. -->
27    <queries>
27-->src/main/AndroidManifest.xml:16:5-18:15
28        <package android:name="com.google.android.apps.healthdata" />
28-->src/main/AndroidManifest.xml:17:9-70
28-->src/main/AndroidManifest.xml:17:18-67
29        <package android:name="com.itsaky.androidide" />
29-->[logsender.aar] AndroidManifest.xml:24:9-57
29-->[logsender.aar] AndroidManifest.xml:24:18-54
30    </queries>
31
32    <uses-permission android:name="android.permission.INTERNET" />
32-->[logsender.aar] AndroidManifest.xml:27:5-67
32-->[logsender.aar] AndroidManifest.xml:27:22-64
33    <uses-permission android:name="com.itsaky.androidide.permission.BIND_LOG_SERVICE" />
33-->[logsender.aar] AndroidManifest.xml:28:5-89
33-->[logsender.aar] AndroidManifest.xml:28:22-86
34    <uses-permission android:name="android.permission.FOREGROUND_SERVICE_DATA_SYNC" />
34-->[logsender.aar] AndroidManifest.xml:30:5-87
34-->[logsender.aar] AndroidManifest.xml:30:22-84
35
36    <permission
36-->[androidx.core:core:1.13.0] AndroidManifest.xml:22:5-24:47
37        android:name="com.tonya.dzcscale.DYNAMIC_RECEIVER_NOT_EXPORTED_PERMISSION"
37-->[androidx.core:core:1.13.0] AndroidManifest.xml:23:9-81
38        android:protectionLevel="signature" />
38-->[androidx.core:core:1.13.0] AndroidManifest.xml:24:9-44
39
40    <uses-permission android:name="com.tonya.dzcscale.DYNAMIC_RECEIVER_NOT_EXPORTED_PERMISSION" />
40-->[androidx.core:core:1.13.0] AndroidManifest.xml:26:5-97
40-->[androidx.core:core:1.13.0] AndroidManifest.xml:26:22-94
41
42    <application
42-->src/main/AndroidManifest.xml:20:5-63:19
43        android:allowBackup="true"
43-->src/main/AndroidManifest.xml:25:9-35
44        android:appComponentFactory="androidx.core.app.CoreComponentFactory"
44-->[androidx.core:core:1.13.0] AndroidManifest.xml:28:18-86
45        android:debuggable="true"
46        android:extractNativeLibs="false"
47        android:icon="@mipmap/ic_launcher"
47-->src/main/AndroidManifest.xml:23:9-43
48        android:label="DZC Scale Health"
48-->src/main/AndroidManifest.xml:22:9-41
49        android:roundIcon="@mipmap/ic_launcher_round"
49-->src/main/AndroidManifest.xml:24:9-54
50        android:theme="@style/AppTheme" >
50-->src/main/AndroidManifest.xml:21:9-40
51        <receiver
51-->src/main/AndroidManifest.xml:26:9-85
52            android:name="com.tonya.dzcscale.ScaleDetectionReceiver"
52-->src/main/AndroidManifest.xml:26:19-57
53            android:exported="false" />
53-->src/main/AndroidManifest.xml:26:58-82
54
55        <service
55-->src/main/AndroidManifest.xml:27:9-138
56            android:name="com.tonya.dzcscale.BackgroundMeasurementService"
56-->src/main/AndroidManifest.xml:27:18-62
57            android:exported="false"
57-->src/main/AndroidManifest.xml:27:63-87
58            android:foregroundServiceType="connectedDevice" />
58-->src/main/AndroidManifest.xml:27:88-135
59
60        <activity
60-->src/main/AndroidManifest.xml:28:9-79
61            android:name="com.tonya.dzcscale.SettingsActivity"
61-->src/main/AndroidManifest.xml:28:19-51
62            android:exported="false" />
62-->src/main/AndroidManifest.xml:28:52-76
63        <activity
63-->src/main/AndroidManifest.xml:29:9-78
64            android:name="com.tonya.dzcscale.HistoryActivity"
64-->src/main/AndroidManifest.xml:29:19-50
65            android:exported="false" />
65-->src/main/AndroidManifest.xml:29:51-75
66
67        <service
67-->src/main/AndroidManifest.xml:30:9-32:19
68            android:name="com.tonya.dzcscale.DzcMeasureTileService"
68-->src/main/AndroidManifest.xml:30:18-55
69            android:exported="true"
69-->src/main/AndroidManifest.xml:30:194-217
70            android:icon="@mipmap/ic_launcher"
70-->src/main/AndroidManifest.xml:30:94-128
71            android:label="Start DZC measurement"
71-->src/main/AndroidManifest.xml:30:56-93
72            android:permission="android.permission.BIND_QUICK_SETTINGS_TILE" >
72-->src/main/AndroidManifest.xml:30:129-193
73            <intent-filter>
73-->src/main/AndroidManifest.xml:31:13-114
74                <action android:name="android.service.quicksettings.action.QS_TILE" />
74-->src/main/AndroidManifest.xml:31:28-98
74-->src/main/AndroidManifest.xml:31:36-95
75            </intent-filter>
76        </service>
77
78        <activity
78-->src/main/AndroidManifest.xml:34:9-43:20
79            android:name="com.tonya.dzcscale.MainActivity"
79-->src/main/AndroidManifest.xml:34:19-47
80            android:exported="true" >
80-->src/main/AndroidManifest.xml:34:48-71
81            <intent-filter>
81-->src/main/AndroidManifest.xml:35:13-38:29
82                <action android:name="android.intent.action.MAIN" />
82-->src/main/AndroidManifest.xml:36:17-69
82-->src/main/AndroidManifest.xml:36:25-66
83
84                <category android:name="android.intent.category.LAUNCHER" />
84-->src/main/AndroidManifest.xml:37:17-77
84-->src/main/AndroidManifest.xml:37:27-74
85            </intent-filter>
86            <!-- NFC tag actions: custom dzcscale://measure URI or an app-specific NDEF MIME record. -->
87            <intent-filter>
87-->src/main/AndroidManifest.xml:40:13-103
88                <action android:name="com.tonya.dzcscale.action.MEASURE" />
88-->src/main/AndroidManifest.xml:40:28-87
88-->src/main/AndroidManifest.xml:40:36-84
89            </intent-filter>
90            <intent-filter>
90-->src/main/AndroidManifest.xml:41:13-212
91                <action android:name="android.intent.action.VIEW" />
91-->src/main/AndroidManifest.xml:41:28-80
91-->src/main/AndroidManifest.xml:41:36-77
92
93                <category android:name="android.intent.category.DEFAULT" />
93-->src/main/AndroidManifest.xml:41:80-139
93-->src/main/AndroidManifest.xml:41:90-136
94
95                <data
95-->src/main/AndroidManifest.xml:41:139-196
96                    android:host="measure"
96-->src/main/AndroidManifest.xml:41:171-193
97                    android:scheme="dzcscale" />
97-->src/main/AndroidManifest.xml:41:145-170
98            </intent-filter>
99            <intent-filter>
99-->src/main/AndroidManifest.xml:42:13-233
100                <action android:name="android.nfc.action.NDEF_DISCOVERED" />
100-->src/main/AndroidManifest.xml:42:28-88
100-->src/main/AndroidManifest.xml:42:36-85
101
102                <category android:name="android.intent.category.DEFAULT" />
102-->src/main/AndroidManifest.xml:41:80-139
102-->src/main/AndroidManifest.xml:41:90-136
103
104                <data android:mimeType="application/vnd.com.tonya.dzcscale.measure" />
104-->src/main/AndroidManifest.xml:41:139-196
104-->src/main/AndroidManifest.xml:42:153-214
105            </intent-filter>
106        </activity>
107
108        <!-- Privacy / permission rationale shown from Health Connect. -->
109        <activity
109-->src/main/AndroidManifest.xml:46:9-50:20
110            android:name="com.tonya.dzcscale.HealthPermissionsRationaleActivity"
110-->src/main/AndroidManifest.xml:46:19-69
111            android:exported="true" >
111-->src/main/AndroidManifest.xml:46:70-93
112            <intent-filter>
112-->src/main/AndroidManifest.xml:47:13-49:29
113                <action android:name="androidx.health.ACTION_SHOW_PERMISSIONS_RATIONALE" />
113-->src/main/AndroidManifest.xml:48:17-92
113-->src/main/AndroidManifest.xml:48:25-89
114            </intent-filter>
115        </activity> <!-- Android 14+ / framework Health Connect requirement. -->
116        <activity-alias
116-->src/main/AndroidManifest.xml:53:9-62:26
117            android:name="com.tonya.dzcscale.ViewHealthPermissionUsage"
117-->src/main/AndroidManifest.xml:54:13-54
118            android:exported="true"
118-->src/main/AndroidManifest.xml:55:13-36
119            android:permission="android.permission.START_VIEW_PERMISSION_USAGE"
119-->src/main/AndroidManifest.xml:57:13-80
120            android:targetActivity="com.tonya.dzcscale.HealthPermissionsRationaleActivity" >
120-->src/main/AndroidManifest.xml:56:13-73
121            <intent-filter>
121-->src/main/AndroidManifest.xml:58:13-61:29
122                <action android:name="android.intent.action.VIEW_PERMISSION_USAGE" />
122-->src/main/AndroidManifest.xml:59:17-86
122-->src/main/AndroidManifest.xml:59:25-83
123
124                <category android:name="android.intent.category.HEALTH_PERMISSIONS" />
124-->src/main/AndroidManifest.xml:60:17-87
124-->src/main/AndroidManifest.xml:60:27-84
125            </intent-filter>
126        </activity-alias>
127
128        <provider
128-->[logsender.aar] AndroidManifest.xml:33:9-37:40
129            android:name="com.itsaky.androidide.logsender.utils.LogSenderInstaller"
129-->[logsender.aar] AndroidManifest.xml:34:13-84
130            android:authorities="com.tonya.dzcscale.logsender-installer"
130-->[logsender.aar] AndroidManifest.xml:35:13-71
131            android:enabled="@bool/logsender_enabled"
131-->[logsender.aar] AndroidManifest.xml:36:13-54
132            android:exported="false" />
132-->[logsender.aar] AndroidManifest.xml:37:13-37
133
134        <service
134-->[logsender.aar] AndroidManifest.xml:39:9-42:56
135            android:name="com.itsaky.androidide.logsender.LogSenderService"
135-->[logsender.aar] AndroidManifest.xml:40:13-76
136            android:exported="false"
136-->[logsender.aar] AndroidManifest.xml:41:13-37
137            android:foregroundServiceType="dataSync" />
137-->[logsender.aar] AndroidManifest.xml:42:13-53
138        <service
138-->[androidx.health.connect:connect-client:1.1.0] AndroidManifest.xml:24:9-32:19
139            android:name="androidx.health.platform.client.impl.sdkservice.HealthDataSdkService"
139-->[androidx.health.connect:connect-client:1.1.0] AndroidManifest.xml:25:13-96
140            android:enabled="true"
140-->[androidx.health.connect:connect-client:1.1.0] AndroidManifest.xml:26:13-35
141            android:exported="true" >
141-->[androidx.health.connect:connect-client:1.1.0] AndroidManifest.xml:27:13-36
142            <intent-filter>
142-->[androidx.health.connect:connect-client:1.1.0] AndroidManifest.xml:29:13-31:29
143                <action android:name="androidx.health.platform.client.ACTION_BIND_SDK_SERVICE" />
143-->[androidx.health.connect:connect-client:1.1.0] AndroidManifest.xml:30:17-98
143-->[androidx.health.connect:connect-client:1.1.0] AndroidManifest.xml:30:25-95
144            </intent-filter>
145        </service>
146
147        <provider
147-->[androidx.emoji2:emoji2:1.3.0] AndroidManifest.xml:24:9-32:20
148            android:name="androidx.startup.InitializationProvider"
148-->[androidx.emoji2:emoji2:1.3.0] AndroidManifest.xml:25:13-67
149            android:authorities="com.tonya.dzcscale.androidx-startup"
149-->[androidx.emoji2:emoji2:1.3.0] AndroidManifest.xml:26:13-68
150            android:exported="false" >
150-->[androidx.emoji2:emoji2:1.3.0] AndroidManifest.xml:27:13-37
151            <meta-data
151-->[androidx.emoji2:emoji2:1.3.0] AndroidManifest.xml:29:13-31:52
152                android:name="androidx.emoji2.text.EmojiCompatInitializer"
152-->[androidx.emoji2:emoji2:1.3.0] AndroidManifest.xml:30:17-75
153                android:value="androidx.startup" />
153-->[androidx.emoji2:emoji2:1.3.0] AndroidManifest.xml:31:17-49
154            <meta-data
154-->[androidx.lifecycle:lifecycle-process:2.6.2] AndroidManifest.xml:29:13-31:52
155                android:name="androidx.lifecycle.ProcessLifecycleInitializer"
155-->[androidx.lifecycle:lifecycle-process:2.6.2] AndroidManifest.xml:30:17-78
156                android:value="androidx.startup" />
156-->[androidx.lifecycle:lifecycle-process:2.6.2] AndroidManifest.xml:31:17-49
157            <meta-data
157-->[androidx.profileinstaller:profileinstaller:1.4.0] AndroidManifest.xml:29:13-31:52
158                android:name="androidx.profileinstaller.ProfileInstallerInitializer"
158-->[androidx.profileinstaller:profileinstaller:1.4.0] AndroidManifest.xml:30:17-85
159                android:value="androidx.startup" />
159-->[androidx.profileinstaller:profileinstaller:1.4.0] AndroidManifest.xml:31:17-49
160        </provider>
161
162        <receiver
162-->[androidx.profileinstaller:profileinstaller:1.4.0] AndroidManifest.xml:34:9-52:20
163            android:name="androidx.profileinstaller.ProfileInstallReceiver"
163-->[androidx.profileinstaller:profileinstaller:1.4.0] AndroidManifest.xml:35:13-76
164            android:directBootAware="false"
164-->[androidx.profileinstaller:profileinstaller:1.4.0] AndroidManifest.xml:36:13-44
165            android:enabled="true"
165-->[androidx.profileinstaller:profileinstaller:1.4.0] AndroidManifest.xml:37:13-35
166            android:exported="true"
166-->[androidx.profileinstaller:profileinstaller:1.4.0] AndroidManifest.xml:38:13-36
167            android:permission="android.permission.DUMP" >
167-->[androidx.profileinstaller:profileinstaller:1.4.0] AndroidManifest.xml:39:13-57
168            <intent-filter>
168-->[androidx.profileinstaller:profileinstaller:1.4.0] AndroidManifest.xml:40:13-42:29
169                <action android:name="androidx.profileinstaller.action.INSTALL_PROFILE" />
169-->[androidx.profileinstaller:profileinstaller:1.4.0] AndroidManifest.xml:41:17-91
169-->[androidx.profileinstaller:profileinstaller:1.4.0] AndroidManifest.xml:41:25-88
170            </intent-filter>
171            <intent-filter>
171-->[androidx.profileinstaller:profileinstaller:1.4.0] AndroidManifest.xml:43:13-45:29
172                <action android:name="androidx.profileinstaller.action.SKIP_FILE" />
172-->[androidx.profileinstaller:profileinstaller:1.4.0] AndroidManifest.xml:44:17-85
172-->[androidx.profileinstaller:profileinstaller:1.4.0] AndroidManifest.xml:44:25-82
173            </intent-filter>
174            <intent-filter>
174-->[androidx.profileinstaller:profileinstaller:1.4.0] AndroidManifest.xml:46:13-48:29
175                <action android:name="androidx.profileinstaller.action.SAVE_PROFILE" />
175-->[androidx.profileinstaller:profileinstaller:1.4.0] AndroidManifest.xml:47:17-88
175-->[androidx.profileinstaller:profileinstaller:1.4.0] AndroidManifest.xml:47:25-85
176            </intent-filter>
177            <intent-filter>
177-->[androidx.profileinstaller:profileinstaller:1.4.0] AndroidManifest.xml:49:13-51:29
178                <action android:name="androidx.profileinstaller.action.BENCHMARK_OPERATION" />
178-->[androidx.profileinstaller:profileinstaller:1.4.0] AndroidManifest.xml:50:17-95
178-->[androidx.profileinstaller:profileinstaller:1.4.0] AndroidManifest.xml:50:25-92
179            </intent-filter>
180        </receiver>
181    </application>
182
183</manifest>